Building DAG of jobs...
Using shell: /bin/bash
Provided cores: 2
Rules claiming more threads will be scaled down.
Conda environments: ignored
Job stats:
job                   count    min threads    max threads
------------------  -------  -------------  -------------
all                       1              1              1
combineCSV                1              1              1
combineMSA                1              1              1
convertMSA_toFASTA        1              1              1
parseHMMER                1              1              1
total                     5              1              1

Select jobs to execute...

[Thu Jul  7 16:26:58 2022]
rule parseHMMER:
    input: workflow/out/cysK/hmmer_output/Akkermansia_muciniphila_cysK.domtblout
    output: workflow/out/cysK/csv_summary/Akkermansia_muciniphila_cysK_hits.csv
    jobid: 3
    reason: Missing output files: workflow/out/cysK/csv_summary/Akkermansia_muciniphila_cysK_hits.csv
    wildcards: gene=cysK, strain=Akkermansia_muciniphila
    resources: tmpdir=/var/folders/hb/bfjf2bbn7x5d0ln1l96pwg5w0000gn/T


[Thu Jul  7 16:26:58 2022]
rule convertMSA_toFASTA:
    input: workflow/out/cysK/hmmer_output/Akkermansia_muciniphila_cysK.sto
    output: workflow/out/cysK/faa_summary/Akkermansia_muciniphila_cysK_hits.faa
    jobid: 4
    reason: Missing output files: workflow/out/cysK/faa_summary/Akkermansia_muciniphila_cysK_hits.faa
    wildcards: gene=cysK, strain=Akkermansia_muciniphila
    resources: tmpdir=/var/folders/hb/bfjf2bbn7x5d0ln1l96pwg5w0000gn/T

[Thu Jul  7 16:26:59 2022]
Finished job 3.
1 of 5 steps (20%) done
Select jobs to execute...

[Thu Jul  7 16:26:59 2022]
rule combineCSV:
    input: workflow/out/cysK/csv_summary/Akkermansia_muciniphila_cysK_hits.csv
    output: workflow/out/summary_all/csv_summary/compiled_cysK_hits.csv
    jobid: 5
    reason: Missing output files: workflow/out/summary_all/csv_summary/compiled_cysK_hits.csv; Input files updated by another job: workflow/out/cysK/csv_summary/Akkermansia_muciniphila_cysK_hits.csv
    wildcards: gene=cysK
    resources: tmpdir=/var/folders/hb/bfjf2bbn7x5d0ln1l96pwg5w0000gn/T

[Thu Jul  7 16:26:59 2022]
Finished job 5.
2 of 5 steps (40%) done
[Thu Jul  7 16:26:59 2022]
Finished job 4.
3 of 5 steps (60%) done
Select jobs to execute...

[Thu Jul  7 16:26:59 2022]
rule combineMSA:
    input: workflow/out/cysK/faa_summary/Akkermansia_muciniphila_cysK_hits.faa
    output: workflow/out/summary_all/faa_summary/compiled_cysK_hits.faa
    jobid: 6
    reason: Missing output files: workflow/out/summary_all/faa_summary/compiled_cysK_hits.faa; Input files updated by another job: workflow/out/cysK/faa_summary/Akkermansia_muciniphila_cysK_hits.faa
    wildcards: gene=cysK
    resources: tmpdir=/var/folders/hb/bfjf2bbn7x5d0ln1l96pwg5w0000gn/T

[Thu Jul  7 16:26:59 2022]
Finished job 6.
4 of 5 steps (80%) done
Select jobs to execute...

[Thu Jul  7 16:26:59 2022]
localrule all:
    input: workflow/out/prodigal/geneCoord/Akkermansia_muciniphila_geneCoord.out, workflow/out/prodigal/proteinSeq/Akkermansia_muciniphila_prodigal.faa, workflow/out/cysK/hmmer_output/Akkermansia_muciniphila_cysK.hmm.out, workflow/out/cysK/hmmer_output/Akkermansia_muciniphila_cysK.domtblout, workflow/out/cysK/hmmer_output/Akkermansia_muciniphila_cysK.sto, workflow/out/cysK/csv_summary/Akkermansia_muciniphila_cysK_hits.csv, workflow/out/cysK/faa_summary/Akkermansia_muciniphila_cysK_hits.faa, workflow/out/summary_all/csv_summary/compiled_cysK_hits.csv, workflow/out/summary_all/faa_summary/compiled_cysK_hits.faa
    jobid: 0
    reason: Input files updated by another job: workflow/out/cysK/faa_summary/Akkermansia_muciniphila_cysK_hits.faa, workflow/out/cysK/csv_summary/Akkermansia_muciniphila_cysK_hits.csv, workflow/out/summary_all/faa_summary/compiled_cysK_hits.faa, workflow/out/summary_all/csv_summary/compiled_cysK_hits.csv
    resources: tmpdir=/var/folders/hb/bfjf2bbn7x5d0ln1l96pwg5w0000gn/T

[Thu Jul  7 16:26:59 2022]
Finished job 0.
5 of 5 steps (100%) done
Complete log: .snakemake/log/2022-07-07T162658.133539.snakemake.log
