Building DAG of jobs...
Using shell: /bin/bash
Provided cores: 1 (use --cores to define parallelism)
Rules claiming more threads will be scaled down.
Conda environments: ignored
Job stats:
job                count    min threads    max threads
---------------  -------  -------------  -------------
all                    1              1              1
buildProfileHMM        1              1              1
makeMSA                1              1              1
total                  3              1              1

Select jobs to execute...

[Thu Jul  7 16:14:38 2022]
rule makeMSA:
    input: config/referenceGeneFiles/cysK.faa
    output: config/referenceGeneMSA/cysK_msa.faa
    jobid: 1
    reason: Missing output files: config/referenceGeneMSA/cysK_msa.faa
    wildcards: gene=cysK
    resources: tmpdir=/var/folders/hb/bfjf2bbn7x5d0ln1l96pwg5w0000gn/T

[Thu Jul  7 16:18:06 2022]
Finished job 1.
1 of 3 steps (33%) done
Select jobs to execute...

[Thu Jul  7 16:18:06 2022]
rule buildProfileHMM:
    input: config/referenceGeneMSA/cysK_msa.faa
    output: config/profileHMMs/cysK.HMM
    jobid: 2
    reason: Missing output files: config/profileHMMs/cysK.HMM; Input files updated by another job: config/referenceGeneMSA/cysK_msa.faa
    wildcards: gene=cysK
    resources: tmpdir=/var/folders/hb/bfjf2bbn7x5d0ln1l96pwg5w0000gn/T

[Thu Jul  7 16:18:08 2022]
Finished job 2.
2 of 3 steps (67%) done
Select jobs to execute...

[Thu Jul  7 16:18:08 2022]
localrule all:
    input: config/referenceGeneMSA/cysK_msa.faa, config/profileHMMs/cysK.HMM
    jobid: 0
    reason: Input files updated by another job: config/profileHMMs/cysK.HMM, config/referenceGeneMSA/cysK_msa.faa
    resources: tmpdir=/var/folders/hb/bfjf2bbn7x5d0ln1l96pwg5w0000gn/T

[Thu Jul  7 16:18:08 2022]
Finished job 0.
3 of 3 steps (100%) done
Complete log: .snakemake/log/2022-07-07T161438.420146.snakemake.log
