Building DAG of jobs...
Using shell: /bin/bash
Provided cores: 1 (use --cores to define parallelism)
Rules claiming more threads will be scaled down.
Conda environments: ignored
Job stats:
job                   count    min threads    max threads
------------------  -------  -------------  -------------
all                       1              1              1
combineCSV                1              1              1
combineMSA                1              1              1
convertMSA_toFASTA        1              1              1
parseHMMER                1              1              1
runHMMER                  1              1              1
total                     6              1              1

Select jobs to execute...

[Thu Jul  7 16:04:17 2022]
rule runHMMER:
    input: Workflow/out/prodigal/proteinSeq/Akkermansia_muciniphila_prodigal.faa
    output: workflow/out/cysK/hmmer_output/Akkermansia_muciniphila_cysK.hmm.out, workflow/out/cysK/hmmer_output/Akkermansia_muciniphila_cysK.domtblout, workflow/out/cysK/hmmer_output/Akkermansia_muciniphila_cysK.sto
    jobid: 2
    reason: Missing output files: workflow/out/cysK/hmmer_output/Akkermansia_muciniphila_cysK.hmm.out, workflow/out/cysK/hmmer_output/Akkermansia_muciniphila_cysK.sto, workflow/out/cysK/hmmer_output/Akkermansia_muciniphila_cysK.domtblout
    wildcards: gene=cysK, strain=Akkermansia_muciniphila
    resources: tmpdir=/var/folders/hb/bfjf2bbn7x5d0ln1l96pwg5w0000gn/T

[Thu Jul  7 16:04:17 2022]
Error in rule runHMMER:
    jobid: 2
    output: workflow/out/cysK/hmmer_output/Akkermansia_muciniphila_cysK.hmm.out, workflow/out/cysK/hmmer_output/Akkermansia_muciniphila_cysK.domtblout, workflow/out/cysK/hmmer_output/Akkermansia_muciniphila_cysK.sto
    conda-env: /Users/augustburton/PycharmProjects/CysteineTutorial/.snakemake/conda/43102f465d5c92f857b8429844979963
    shell:
        
        hmmsearch -o workflow/out/cysK/hmmer_output/Akkermansia_muciniphila_cysK.hmm.out --domtblout workflow/out/cysK/hmmer_output/Akkermansia_muciniphila_cysK.domtblout -A workflow/out/cysK/hmmer_output/Akkermansia_muciniphila_cysK.sto config/profileHMMs/cysK.HMM Workflow/out/prodigal/proteinSeq/Akkermansia_muciniphila_prodigal.faa 
        
        (one of the commands exited with non-zero exit code; note that snakemake uses bash strict mode!)

Shutting down, this might take some time.
Exiting because a job execution failed. Look above for error message
Complete log: .snakemake/log/2022-07-07T160416.594983.snakemake.log
